Using pre-set license
Built from '2021.3/staging' branch; Version is '2021.3.7f1 (24e8595d6d43) revision 2418777'; Using compiler version '192829333'; Build Type 'Release'
OS: 'Windows 10  (10.0.19043) 64bit Professional' Language: 'ru' Physical Memory: 16332 MB
BatchMode: 1, IsHumanControllingUs: 0, StartBugReporterOnCrash: 0, Is64bit: 1, IsPro: 1

COMMAND LINE ARGUMENTS:
D:\Unity Versions\2021.3.7f1\Editor\Unity.exe
-adb2
-batchMode
-noUpm
-name
AssetImportWorker0
-projectPath
D:/punch-club/PunchClub
-logFile
Logs/AssetImportWorker0.log
-srvPort
51834
Successfully changed project path to: D:/punch-club/PunchClub
D:/punch-club/PunchClub
[UnityMemory] Configuration Parameters - Can be set up in boot.config
    "memorysetup-bucket-allocator-granularity=16"
    "memorysetup-bucket-allocator-bucket-count=8"
    "memorysetup-bucket-allocator-block-size=33554432"
    "memorysetup-bucket-allocator-block-count=8"
    "memorysetup-main-allocator-block-size=16777216"
    "memorysetup-thread-allocator-block-size=16777216"
    "memorysetup-gfx-main-allocator-block-size=16777216"
    "memorysetup-gfx-thread-allocator-block-size=16777216"
    "memorysetup-cache-allocator-block-size=4194304"
    "memorysetup-typetree-allocator-block-size=2097152"
    "memorysetup-profiler-bucket-allocator-granularity=16"
    "memorysetup-profiler-bucket-allocator-bucket-count=8"
    "memorysetup-profiler-bucket-allocator-block-size=33554432"
    "memorysetup-profiler-bucket-allocator-block-count=8"
    "memorysetup-profiler-allocator-block-size=16777216"
    "memorysetup-profiler-editor-allocator-block-size=1048576"
    "memorysetup-temp-allocator-size-main=16777216"
    "memorysetup-job-temp-allocator-block-size=2097152"
    "memorysetup-job-temp-allocator-block-size-background=1048576"
    "memorysetup-job-temp-allocator-reduction-small-platforms=262144"
    "memorysetup-temp-allocator-size-background-worker=32768"
    "memorysetup-temp-allocator-size-job-worker=262144"
    "memorysetup-temp-allocator-size-preload-manager=33554432"
    "memorysetup-temp-allocator-size-nav-mesh-worker=65536"
    "memorysetup-temp-allocator-size-audio-worker=65536"
    "memorysetup-temp-allocator-size-cloud-worker=32768"
    "memorysetup-temp-allocator-size-gi-baking-worker=262144"
    "memorysetup-temp-allocator-size-gfx=262144"
Refreshing native plugins compatible for Editor in 102.52 ms, found 3 plugins.
Preloading 0 native plugins for Editor in 0.00 ms.
Initialize engine version: 2021.3.7f1 (24e8595d6d43)
[Subsystems] Discovering subsystems at path D:/Unity Versions/2021.3.7f1/Editor/Data/Resources/UnitySubsystems
[Subsystems] Discovering subsystems at path D:/punch-club/PunchClub/Assets
GfxDevice: creating device client; threaded=0; jobified=0
Direct3D:
    Version:  Direct3D 11.0 [level 11.1]
    Renderer: NVIDIA GeForce GTX 1060 6GB (ID=0x1c03)
    Vendor:   NVIDIA
    VRAM:     6052 MB
    Driver:   30.0.15.1215
Initialize mono
Mono path[0] = 'D:/Unity Versions/2021.3.7f1/Editor/Data/Managed'
Mono path[1] = 'D:/Unity Versions/2021.3.7f1/Editor/Data/MonoBleedingEdge/lib/mono/unityjit-win32'
Mono config path = 'D:/Unity Versions/2021.3.7f1/Editor/Data/MonoBleedingEdge/etc'
Using monoOptions --debugger-agent=transport=dt_socket,embedding=1,server=y,suspend=n,address=127.0.0.1:56880
Begin MonoManager ReloadAssembly
Registering precompiled unity dll's ...
Register platform support module: D:/Unity Versions/2021.3.7f1/Editor/Data/PlaybackEngines/WebGLSupport/UnityEditor.WebGL.Extensions.dll
Register platform support module: D:/Unity Versions/2021.3.7f1/Editor/Data/PlaybackEngines/AndroidPlayer/UnityEditor.Android.Extensions.dll
Register platform support module: D:/Unity Versions/2021.3.7f1/Editor/Data/PlaybackEngines/WindowsStandaloneSupport/UnityEditor.WindowsStandalone.Extensions.dll
Register platform support module: D:/Unity Versions/2021.3.7f1/Editor/Data/PlaybackEngines/LinuxStandaloneSupport/UnityEditor.LinuxStandalone.Extensions.dll
Register platform support module: D:/Unity Versions/2021.3.7f1/Editor/Data/PlaybackEngines/MetroSupport/UnityEditor.UWP.Extensions.dll
Registered in 0.005924 seconds.
Native extension for UWP target not found
Native extension for LinuxStandalone target not found
Native extension for WindowsStandalone target not found
Native extension for Android target not found
Native extension for WebGL target not found
Refreshing native plugins compatible for Editor in 93.47 ms, found 3 plugins.
Preloading 0 native plugins for Editor in 0.00 ms.
Mono: successfully reloaded assembly
- Completed reload, in  0.790 seconds
Domain Reload Profiling:
	ReloadAssembly (791ms)
		BeginReloadAssembly (84ms)
			ExecutionOrderSort (0ms)
			DisableScriptedObjects (0ms)
			BackupInstance (0ms)
			ReleaseScriptingObjects (0ms)
			CreateAndSetChildDomain (1ms)
		EndReloadAssembly (563ms)
			LoadAssemblies (85ms)
			RebuildTransferFunctionScriptingTraits (0ms)
			SetupTypeCache (139ms)
			ReleaseScriptCaches (0ms)
			RebuildScriptCaches (31ms)
			SetupLoadedEditorAssemblies (336ms)
				LogAssemblyErrors (0ms)
				InitializePlatformSupportModulesInManaged (71ms)
				SetLoadedEditorAssemblies (2ms)
				RefreshPlugins (94ms)
				BeforeProcessingInitializeOnLoad (1ms)
				ProcessInitializeOnLoadAttributes (113ms)
				ProcessInitializeOnLoadMethodAttributes (54ms)
				AfterProcessingInitializeOnLoad (0ms)
				EditorAssembliesLoaded (0ms)
			ExecutionOrderSort2 (0ms)
			AwakeInstancesAfterBackupRestoration (0ms)
Platform modules already initialized, skipping
Registering precompiled user dll's ...
Registered in 0.005185 seconds.
Begin MonoManager ReloadAssembly
Symbol file LoadedFromMemory doesn't match image D:\punch-club\PunchClub\Library\PackageCache\com.unity.visualscripting@1.7.8\Editor\VisualScripting.Core\Dependencies\YamlDotNet\Unity.VisualScripting.YamlDotNet.dll
Symbol file LoadedFromMemory doesn't match image D:\punch-club\PunchClub\Library\PackageCache\com.unity.visualscripting@1.7.8\Editor\VisualScripting.Core\Dependencies\DotNetZip\Unity.VisualScripting.IonicZip.dll
Native extension for UWP target not found
Native extension for LinuxStandalone target not found
Native extension for WindowsStandalone target not found
Native extension for Android target not found
Native extension for WebGL target not found
Refreshing native plugins compatible for Editor in 0.62 ms, found 3 plugins.
Preloading 0 native plugins for Editor in 0.00 ms.
Mono: successfully reloaded assembly
- Completed reload, in  1.265 seconds
Domain Reload Profiling:
	ReloadAssembly (1266ms)
		BeginReloadAssembly (232ms)
			ExecutionOrderSort (0ms)
			DisableScriptedObjects (7ms)
			BackupInstance (0ms)
			ReleaseScriptingObjects (0ms)
			CreateAndSetChildDomain (133ms)
		EndReloadAssembly (905ms)
			LoadAssemblies (85ms)
			RebuildTransferFunctionScriptingTraits (0ms)
			SetupTypeCache (304ms)
			ReleaseScriptCaches (1ms)
			RebuildScriptCaches (59ms)
			SetupLoadedEditorAssemblies (412ms)
				LogAssemblyErrors (0ms)
				InitializePlatformSupportModulesInManaged (18ms)
				SetLoadedEditorAssemblies (1ms)
				RefreshPlugins (1ms)
				BeforeProcessingInitializeOnLoad (94ms)
				ProcessInitializeOnLoadAttributes (262ms)
				ProcessInitializeOnLoadMethodAttributes (34ms)
				AfterProcessingInitializeOnLoad (4ms)
				EditorAssembliesLoaded (0ms)
			ExecutionOrderSort2 (0ms)
			AwakeInstancesAfterBackupRestoration (8ms)
Platform modules already initialized, skipping
========================================================================
Worker process is ready to serve import requests
Launched and connected shader compiler UnityShaderCompiler.exe after 0.09 seconds
Refreshing native plugins compatible for Editor in 0.71 ms, found 3 plugins.
Preloading 0 native plugins for Editor in 0.00 ms.
Unloading 3385 Unused Serialized files (Serialized files now loaded: 0)
Unloading 27 unused Assets / (111.0 KB). Loaded Objects now: 3844.
Memory consumption went from 116.4 MB to 116.3 MB.
Total: 3.671100 ms (FindLiveObjects: 0.327500 ms CreateObjectMapping: 0.093100 ms MarkObjects: 3.150100 ms  DeleteObjects: 0.099300 ms)

AssetImportParameters requested are different than current active one (requested -> active):
  custom:video-decoder-ogg-theora: a1e56fd34408186e4bbccfd4996cb3dc -> 
  custom:container-muxer-webm: aa71ff27fc2769a1b78a27578f13a17b -> 
  custom:container-demuxer-webm: 4f35f7cbe854078d1ac9338744f61a02 -> 
  custom:video-encoder-webm-vp8: eb34c28f22e8b96e1ab97ce403110664 -> 
  custom:video-codec-MediaFoundation-h265: e54d7ab0439102e2317fc1e4b246158d -> 
  custom:audio-encoder-webm-vorbis: bf7c407c2cedff20999df2af8eb42d56 -> 
  custom:framework-win-MediaFoundation: 216162199b28c13a410421893ffa2e32 -> 
  custom:container-demuxer-ogg: 62fdf1f143b41e24485cea50d1cbac27 -> 
  custom:video-decoder-webm-vp8: 9c59270c3fd7afecdb556c50c9e8de78 -> 
  custom:audio-decoder-ogg-vorbis: bf7c407c2cedff20999df2af8eb42d56 -> 
========================================================================
Received Import Request.
  Time since last request: 1475.468667 seconds.
  path: Assets/Scenes/SampleScene.unity
  artifactKey: Guid(9fc0d4010bbf28b4594072e72b8655ab) Importer(815301076,1909f56bfc062723c751e8b465ee728b)
Start importing Assets/Scenes/SampleScene.unity using Guid(9fc0d4010bbf28b4594072e72b8655ab) Importer(815301076,1909f56bfc062723c751e8b465ee728b)  -> (artifact id: 'e55ccaa32d8e5c1de03c07a5412c8c3c') in 0.012385 seconds 
========================================================================
Received Import Request.
  Time since last request: 5.070231 seconds.
  path: Assets/Scenes/Game.unity
  artifactKey: Guid(9fc0d4010bbf28b4594072e72b8655ab) Importer(815301076,1909f56bfc062723c751e8b465ee728b)
Start importing Assets/Scenes/Game.unity using Guid(9fc0d4010bbf28b4594072e72b8655ab) Importer(815301076,1909f56bfc062723c751e8b465ee728b)  -> (artifact id: '297dabdd5fc689204d65d5d0e45f56ee') in 0.008210 seconds 
========================================================================
Received Import Request.
  Time since last request: 150.312565 seconds.
  path: Assets/Scenes/uipack_fixed
  artifactKey: Guid(cc03d45d56405404aaa25434b54d6a4e) Importer(815301076,1909f56bfc062723c751e8b465ee728b)
Start importing Assets/Scenes/uipack_fixed using Guid(cc03d45d56405404aaa25434b54d6a4e) Importer(815301076,1909f56bfc062723c751e8b465ee728b)  -> (artifact id: 'bf494e07821ba86cac7c2e8b63dd843e') in 0.005773 seconds 
========================================================================
Received Import Request.
  Time since last request: 7.433087 seconds.
  path: Assets/Scenes/Sprites
  artifactKey: Guid(86ba8732c9918df458bc565039bb5dcb) Importer(815301076,1909f56bfc062723c751e8b465ee728b)
Start importing Assets/Scenes/Sprites using Guid(86ba8732c9918df458bc565039bb5dcb) Importer(815301076,1909f56bfc062723c751e8b465ee728b)  -> (artifact id: 'c88f8fbfec659a6e36f7744572914848') in 0.005671 seconds 
========================================================================
Received Import Request.
  Time since last request: 4.350480 seconds.
  path: Assets/Scenes/Sprites/uipack_fixed/preview.png
  artifactKey: Guid(dc7442121e54bc142a1a3c6d3cb91acf) Importer(815301076,1909f56bfc062723c751e8b465ee728b)
Start importing Assets/Scenes/Sprites/uipack_fixed/preview.png using Guid(dc7442121e54bc142a1a3c6d3cb91acf) Importer(815301076,1909f56bfc062723c751e8b465ee728b)  -> (artifact id: 'a983784f69d255341e7499156d431312') in 0.143862 seconds 
========================================================================
Received Import Request.
  Time since last request: 12.591298 seconds.
  path: Assets/Scenes/Sprites/uipack_fixed/Vector
  artifactKey: Guid(941c3ef588db5244bbd100182ee153d5) Importer(815301076,1909f56bfc062723c751e8b465ee728b)
Start importing Assets/Scenes/Sprites/uipack_fixed/Vector using Guid(941c3ef588db5244bbd100182ee153d5) Importer(815301076,1909f56bfc062723c751e8b465ee728b)  -> (artifact id: '6fd7f11012aa8cd8bfefe91babd34be7') in 0.005590 seconds 
========================================================================
Received Import Request.
  Time since last request: 3.484301 seconds.
  path: Assets/Scenes/Sprites/uipack_fixed/PNG
  artifactKey: Guid(41f61b30fc2ca0d43a41b71456defb63) Importer(815301076,1909f56bfc062723c751e8b465ee728b)
Start importing Assets/Scenes/Sprites/uipack_fixed/PNG using Guid(41f61b30fc2ca0d43a41b71456defb63) Importer(815301076,1909f56bfc062723c751e8b465ee728b)  -> (artifact id: 'abc0fca9919e7bdb11f9c8beba5cb588') in 0.006115 seconds 
========================================================================
Received Import Request.
  Time since last request: 0.037358 seconds.
  path: Assets/Scenes/Sprites/uipack_fixed/PNG/blue_boxCheckmark.png
  artifactKey: Guid(1f06121444821de469e29e76c06686c2) Importer(815301076,1909f56bfc062723c751e8b465ee728b)
Start importing Assets/Scenes/Sprites/uipack_fixed/PNG/blue_boxCheckmark.png using Guid(1f06121444821de469e29e76c06686c2) Importer(815301076,1909f56bfc062723c751e8b465ee728b)  -> (artifact id: 'dbbfccefbe9bafb44b7e46e87a810381') in 0.019184 seconds 
========================================================================
Received Import Request.
  Time since last request: 0.000034 seconds.
  path: Assets/Scenes/Sprites/uipack_fixed/PNG/blue_sliderLeft.png
  artifactKey: Guid(2a7aca40ee210a544ba41fc7e3888b84) Importer(815301076,1909f56bfc062723c751e8b465ee728b)
Start importing Assets/Scenes/Sprites/uipack_fixed/PNG/blue_sliderLeft.png using Guid(2a7aca40ee210a544ba41fc7e3888b84) Importer(815301076,1909f56bfc062723c751e8b465ee728b)  -> (artifact id: '0c212a3dd1f9d364aeb3115800496996') in 0.014941 seconds 
========================================================================
Received Import Request.
  Time since last request: 0.000037 seconds.
  path: Assets/Scenes/Sprites/uipack_fixed/PNG/blue_sliderUp.png
  artifactKey: Guid(d38a3c108fe11024d99ce249120bfe45) Importer(815301076,1909f56bfc062723c751e8b465ee728b)
Start importing Assets/Scenes/Sprites/uipack_fixed/PNG/blue_sliderUp.png using Guid(d38a3c108fe11024d99ce249120bfe45) Importer(815301076,1909f56bfc062723c751e8b465ee728b)  -> (artifact id: '9ddcc8cc927db7e3a7706c9940ceb0d6') in 0.013444 seconds 
========================================================================
Received Import Request.
  Time since last request: 0.000048 seconds.
  path: Assets/Scenes/Sprites/uipack_fixed/PNG/green_button03.png
  artifactKey: Guid(d11b642c68cebeb4ab1ab9669180358a) Importer(815301076,1909f56bfc062723c751e8b465ee728b)
Start importing Assets/Scenes/Sprites/uipack_fixed/PNG/green_button03.png using Guid(d11b642c68cebeb4ab1ab9669180358a) Importer(815301076,1909f56bfc062723c751e8b465ee728b)  -> (artifact id: 'd2a056262f3b59063eb184b1ab229a72') in 0.014747 seconds 
========================================================================
Received Import Request.
  Time since last request: 0.000023 seconds.
  path: Assets/Scenes/Sprites/uipack_fixed/PNG/blue_button00.png
  artifactKey: Guid(7e8de4a9cf839c449b7e34258b691bb9) Importer(815301076,1909f56bfc062723c751e8b465ee728b)
Start importing Assets/Scenes/Sprites/uipack_fixed/PNG/blue_button00.png using Guid(7e8de4a9cf839c449b7e34258b691bb9) Importer(815301076,1909f56bfc062723c751e8b465ee728b)  -> (artifact id: 'c68bf350f3047857678335bb12144688') in 0.015099 seconds 
========================================================================
Received Import Request.
  Time since last request: 0.000038 seconds.
  path: Assets/Scenes/Sprites/uipack_fixed/PNG/blue_button11.png
  artifactKey: Guid(5a7865d577b2aed40b1988cc645a3d1e) Importer(815301076,1909f56bfc062723c751e8b465ee728b)
Start importing Assets/Scenes/Sprites/uipack_fixed/PNG/blue_button11.png using Guid(5a7865d577b2aed40b1988cc645a3d1e) Importer(815301076,1909f56bfc062723c751e8b465ee728b)  -> (artifact id: 'c4693277734d1af790ec7e5670084f38') in 0.017037 seconds 
========================================================================
Received Import Request.
  Time since last request: 0.000035 seconds.
  path: Assets/Scenes/Sprites/uipack_fixed/PNG/blue_button01.png
  artifactKey: Guid(79e4b293dc5aae04987512d87671d553) Importer(815301076,1909f56bfc062723c751e8b465ee728b)
Start importing Assets/Scenes/Sprites/uipack_fixed/PNG/blue_button01.png using Guid(79e4b293dc5aae04987512d87671d553) Importer(815301076,1909f56bfc062723c751e8b465ee728b)  -> (artifact id: '73369f3f7a055ad9028c3ca0087be50c') in 0.014358 seconds 
========================================================================
Received Import Request.
  Time since last request: 0.000032 seconds.
  path: Assets/Scenes/Sprites/uipack_fixed/PNG/green_button07.png
  artifactKey: Guid(7b783bd568aecac4eb0d6885d2450e84) Importer(815301076,1909f56bfc062723c751e8b465ee728b)
Start importing Assets/Scenes/Sprites/uipack_fixed/PNG/green_button07.png using Guid(7b783bd568aecac4eb0d6885d2450e84) Importer(815301076,1909f56bfc062723c751e8b465ee728b)  -> (artifact id: 'd5669a61811757f778726bed662c2155') in 0.013414 seconds 
========================================================================
Received Import Request.
  Time since last request: 0.000021 seconds.
  path: Assets/Scenes/Sprites/uipack_fixed/PNG/blue_checkmark.png
  artifactKey: Guid(10d3bcff6a635004ab0a061fe7441f1b) Importer(815301076,1909f56bfc062723c751e8b465ee728b)
Start importing Assets/Scenes/Sprites/uipack_fixed/PNG/blue_checkmark.png using Guid(10d3bcff6a635004ab0a061fe7441f1b) Importer(815301076,1909f56bfc062723c751e8b465ee728b)  -> (artifact id: 'a493bfcb87344db64ba4cf9bd20f2ca7') in 0.014966 seconds 
========================================================================
Received Import Request.
  Time since last request: 0.000029 seconds.
  path: Assets/Scenes/Sprites/uipack_fixed/PNG/green_button08.png
  artifactKey: Guid(d686adbb131acf2449a40b0385eead76) Importer(815301076,1909f56bfc062723c751e8b465ee728b)
Start importing Assets/Scenes/Sprites/uipack_fixed/PNG/green_button08.png using Guid(d686adbb131acf2449a40b0385eead76) Importer(815301076,1909f56bfc062723c751e8b465ee728b)  -> (artifact id: '83609b9eab75b3bc3ad9bcc21a5e7003') in 0.012942 seconds 
========================================================================
Received Import Request.
  Time since last request: 0.000022 seconds.
  path: Assets/Scenes/Sprites/uipack_fixed/PNG/green_button09.png
  artifactKey: Guid(28e4d5fdd54e97b4988860b81643c434) Importer(815301076,1909f56bfc062723c751e8b465ee728b)
Start importing Assets/Scenes/Sprites/uipack_fixed/PNG/green_button09.png using Guid(28e4d5fdd54e97b4988860b81643c434) Importer(815301076,1909f56bfc062723c751e8b465ee728b)  -> (artifact id: '422a08d5328fa932ecea1fba07423ea4') in 0.014519 seconds 
========================================================================
Received Import Request.
  Time since last request: 0.000036 seconds.
  path: Assets/Scenes/Sprites/uipack_fixed/PNG/blue_button04.png
  artifactKey: Guid(cf642b56bbbfd914491d4b267cd4c1d5) Importer(815301076,1909f56bfc062723c751e8b465ee728b)
Start importing Assets/Scenes/Sprites/uipack_fixed/PNG/blue_button04.png using Guid(cf642b56bbbfd914491d4b267cd4c1d5) Importer(815301076,1909f56bfc062723c751e8b465ee728b)  -> (artifact id: 'd6dad44152588da50f38e53c1aedc9e5') in 0.012568 seconds 
========================================================================
Received Import Request.
  Time since last request: 0.000028 seconds.
  path: Assets/Scenes/Sprites/uipack_fixed/PNG/dropdownMid.png
  artifactKey: Guid(bb070727132c892478407bfbddfcb649) Importer(815301076,1909f56bfc062723c751e8b465ee728b)
Start importing Assets/Scenes/Sprites/uipack_fixed/PNG/dropdownMid.png using Guid(bb070727132c892478407bfbddfcb649) Importer(815301076,1909f56bfc062723c751e8b465ee728b)  -> (artifact id: '5ea803d06c6245b520ea92c67f9c8981') in 0.013131 seconds 
========================================================================
Received Import Request.
  Time since last request: 0.000032 seconds.
  path: Assets/Scenes/Sprites/uipack_fixed/PNG/blue_button07.png
  artifactKey: Guid(8679f9391c55e2749877edf4f8b8f0ea) Importer(815301076,1909f56bfc062723c751e8b465ee728b)
Start importing Assets/Scenes/Sprites/uipack_fixed/PNG/blue_button07.png using Guid(8679f9391c55e2749877edf4f8b8f0ea) Importer(815301076,1909f56bfc062723c751e8b465ee728b)  -> (artifact id: '2792d1c37c76a943fa33a1cf48082eb3') in 0.013360 seconds 
========================================================================
Received Import Request.
  Time since last request: 0.000031 seconds.
  path: Assets/Scenes/Sprites/uipack_fixed/PNG/dropdownTop.png
  artifactKey: Guid(1c145e6fcddae7446a7533f15ee19bfb) Importer(815301076,1909f56bfc062723c751e8b465ee728b)
Start importing Assets/Scenes/Sprites/uipack_fixed/PNG/dropdownTop.png using Guid(1c145e6fcddae7446a7533f15ee19bfb) Importer(815301076,1909f56bfc062723c751e8b465ee728b)  -> (artifact id: '78c952bec674acf6ea00ac8b29efa024') in 0.012674 seconds 
========================================================================
Received Import Request.
  Time since last request: 0.000019 seconds.
  path: Assets/Scenes/Sprites/uipack_fixed/PNG/blue_button10.png
  artifactKey: Guid(2c24fe2db6f4c9543ba31862c08be316) Importer(815301076,1909f56bfc062723c751e8b465ee728b)
Start importing Assets/Scenes/Sprites/uipack_fixed/PNG/blue_button10.png using Guid(2c24fe2db6f4c9543ba31862c08be316) Importer(815301076,1909f56bfc062723c751e8b465ee728b)  -> (artifact id: 'a5add165fea4e4696a15e5b4e524f4a5') in 0.012589 seconds 
========================================================================
Received Import Request.
  Time since last request: 0.000023 seconds.
  path: Assets/Scenes/Sprites/uipack_fixed/PNG/blue_button05.png
  artifactKey: Guid(9f21a8edf0c157c41846149e06583ec6) Importer(815301076,1909f56bfc062723c751e8b465ee728b)
Start importing Assets/Scenes/Sprites/uipack_fixed/PNG/blue_button05.png using Guid(9f21a8edf0c157c41846149e06583ec6) Importer(815301076,1909f56bfc062723c751e8b465ee728b)  -> (artifact id: 'd1f7526c9d7e428fbfa0a2d14bb22a65') in 0.014004 seconds 
========================================================================
Received Import Request.
  Time since last request: 0.000039 seconds.
  path: Assets/Scenes/Sprites/uipack_fixed/PNG/green_button05.png
  artifactKey: Guid(f65ba88f13e5b044d9c7c9f72b38bed0) Importer(815301076,1909f56bfc062723c751e8b465ee728b)
Start importing Assets/Scenes/Sprites/uipack_fixed/PNG/green_button05.png using Guid(f65ba88f13e5b044d9c7c9f72b38bed0) Importer(815301076,1909f56bfc062723c751e8b465ee728b)  -> (artifact id: '032610e882bf3d29ffca30eee616045e') in 0.014451 seconds 
========================================================================
Received Import Request.
  Time since last request: 0.000035 seconds.
  path: Assets/Scenes/Sprites/uipack_fixed/PNG/green_button10.png
  artifactKey: Guid(99af46f24dedeae4ba4bf17080450e29) Importer(815301076,1909f56bfc062723c751e8b465ee728b)
Start importing Assets/Scenes/Sprites/uipack_fixed/PNG/green_button10.png using Guid(99af46f24dedeae4ba4bf17080450e29) Importer(815301076,1909f56bfc062723c751e8b465ee728b)  -> (artifact id: 'b48dff500f57d72f77292b2873d18488') in 0.013565 seconds 
========================================================================
Received Import Request.
  Time since last request: 0.000029 seconds.
  path: Assets/Scenes/Sprites/uipack_fixed/PNG/green_boxCross.png
  artifactKey: Guid(955c7ee40d67c0746852664fe54e7c29) Importer(815301076,1909f56bfc062723c751e8b465ee728b)
Start importing Assets/Scenes/Sprites/uipack_fixed/PNG/green_boxCross.png using Guid(955c7ee40d67c0746852664fe54e7c29) Importer(815301076,1909f56bfc062723c751e8b465ee728b)  -> (artifact id: '3709794254450dbb8b38192d81f4f0c9') in 0.013018 seconds 
========================================================================
Received Import Request.
  Time since last request: 0.000041 seconds.
  path: Assets/Scenes/Sprites/uipack_fixed/PNG/green_button06.png
  artifactKey: Guid(2b8b51cfb5ce3b0419ab17010370ef0a) Importer(815301076,1909f56bfc062723c751e8b465ee728b)
Start importing Assets/Scenes/Sprites/uipack_fixed/PNG/green_button06.png using Guid(2b8b51cfb5ce3b0419ab17010370ef0a) Importer(815301076,1909f56bfc062723c751e8b465ee728b)  -> (artifact id: 'e62f7717346f5553f5b954dee341b854') in 0.013129 seconds 
========================================================================
Received Import Request.
  Time since last request: 0.773967 seconds.
  path: Assets/Scenes/Sprites/uipack_fixed/PNG/green_button11.png
  artifactKey: Guid(cee7f33767b5b384d9260c2c544eeffd) Importer(815301076,1909f56bfc062723c751e8b465ee728b)
Start importing Assets/Scenes/Sprites/uipack_fixed/PNG/green_button11.png using Guid(cee7f33767b5b384d9260c2c544eeffd) Importer(815301076,1909f56bfc062723c751e8b465ee728b)  -> (artifact id: '6451712cc28349b25af0f86d5cfef48c') in 0.026647 seconds 
========================================================================
Received Import Request.
  Time since last request: 0.000032 seconds.
  path: Assets/Scenes/Sprites/uipack_fixed/PNG/green_cross.png
  artifactKey: Guid(dbce9e87d7a19a84d90b56fbcfea75ae) Importer(815301076,1909f56bfc062723c751e8b465ee728b)
Start importing Assets/Scenes/Sprites/uipack_fixed/PNG/green_cross.png using Guid(dbce9e87d7a19a84d90b56fbcfea75ae) Importer(815301076,1909f56bfc062723c751e8b465ee728b)  -> (artifact id: 'f691b42403d61ebcb6d9a2af0a8e31e6') in 0.012994 seconds 
========================================================================
Received Import Request.
  Time since last request: 0.000034 seconds.
  path: Assets/Scenes/Sprites/uipack_fixed/PNG/green_sliderRight.png
  artifactKey: Guid(136675a1febe41243a253493092ab05a) Importer(815301076,1909f56bfc062723c751e8b465ee728b)
Start importing Assets/Scenes/Sprites/uipack_fixed/PNG/green_sliderRight.png using Guid(136675a1febe41243a253493092ab05a) Importer(815301076,1909f56bfc062723c751e8b465ee728b)  -> (artifact id: '52342fa198cae88c6a29c79c5301fe2c') in 0.014467 seconds 
========================================================================
Received Import Request.
  Time since last request: 0.000028 seconds.
  path: Assets/Scenes/Sprites/uipack_fixed/PNG/grey_button10.png
  artifactKey: Guid(715df0aaad5cc69419d0ef64200b5c26) Importer(815301076,1909f56bfc062723c751e8b465ee728b)
Start importing Assets/Scenes/Sprites/uipack_fixed/PNG/grey_button10.png using Guid(715df0aaad5cc69419d0ef64200b5c26) Importer(815301076,1909f56bfc062723c751e8b465ee728b)  -> (artifact id: 'e535024190248be8d3a3469e57233988') in 0.014047 seconds 
========================================================================
Received Import Request.
  Time since last request: 0.000028 seconds.
  path: Assets/Scenes/Sprites/uipack_fixed/PNG/grey_checkmarkWhite.png
  artifactKey: Guid(ad04f0b3655440c49871a98751fd5281) Importer(815301076,1909f56bfc062723c751e8b465ee728b)
Start importing Assets/Scenes/Sprites/uipack_fixed/PNG/grey_checkmarkWhite.png using Guid(ad04f0b3655440c49871a98751fd5281) Importer(815301076,1909f56bfc062723c751e8b465ee728b)  -> (artifact id: '6c911cb5eb14c4e1eaa1329492220192') in 0.013840 seconds 
========================================================================
Received Import Request.
  Time since last request: 0.000030 seconds.
  path: Assets/Scenes/Sprites/uipack_fixed/PNG/grey_button14.png
  artifactKey: Guid(c29c6a990b6458b4d898c02c89292eed) Importer(815301076,1909f56bfc062723c751e8b465ee728b)
Start importing Assets/Scenes/Sprites/uipack_fixed/PNG/grey_button14.png using Guid(c29c6a990b6458b4d898c02c89292eed) Importer(815301076,1909f56bfc062723c751e8b465ee728b)  -> (artifact id: '94c6ba839836bd8b9af85f72f641420f') in 0.044164 seconds 
========================================================================
Received Import Request.
  Time since last request: 0.000019 seconds.
  path: Assets/Scenes/Sprites/uipack_fixed/PNG/grey_sliderHorizontal.png
  artifactKey: Guid(b2dc5a649e2fd0b4da44f5d02ca94cbe) Importer(815301076,1909f56bfc062723c751e8b465ee728b)
Start importing Assets/Scenes/Sprites/uipack_fixed/PNG/grey_sliderHorizontal.png using Guid(b2dc5a649e2fd0b4da44f5d02ca94cbe) Importer(815301076,1909f56bfc062723c751e8b465ee728b)  -> (artifact id: '7d88c40d1d7062bef0e0475fb7b4ceff') in 0.026385 seconds 
========================================================================
Received Import Request.
  Time since last request: 0.000027 seconds.
  path: Assets/Scenes/Sprites/uipack_fixed/PNG/grey_sliderEnd.png
  artifactKey: Guid(101ef2cdea246514bb423327449ee998) Importer(815301076,1909f56bfc062723c751e8b465ee728b)
Start importing Assets/Scenes/Sprites/uipack_fixed/PNG/grey_sliderEnd.png using Guid(101ef2cdea246514bb423327449ee998) Importer(815301076,1909f56bfc062723c751e8b465ee728b)  -> (artifact id: 'a8653670a63c243bb892aa392ebd8f5b') in 0.013187 seconds 
========================================================================
Received Import Request.
  Time since last request: 0.000030 seconds.
  path: Assets/Scenes/Sprites/uipack_fixed/PNG/grey_button12.png
  artifactKey: Guid(fdbc394ddb0dfe74e9d395b8435695e0) Importer(815301076,1909f56bfc062723c751e8b465ee728b)
Start importing Assets/Scenes/Sprites/uipack_fixed/PNG/grey_button12.png using Guid(fdbc394ddb0dfe74e9d395b8435695e0) Importer(815301076,1909f56bfc062723c751e8b465ee728b)  -> (artifact id: '40d148900d5e571125fc50dd915f8c71') in 0.012706 seconds 
========================================================================
Received Import Request.
  Time since last request: 0.000046 seconds.
  path: Assets/Scenes/Sprites/uipack_fixed/PNG/grey_arrowUpGrey.png
  artifactKey: Guid(abc953fb06ced6d4086349f408addd9d) Importer(815301076,1909f56bfc062723c751e8b465ee728b)
Start importing Assets/Scenes/Sprites/uipack_fixed/PNG/grey_arrowUpGrey.png using Guid(abc953fb06ced6d4086349f408addd9d) Importer(815301076,1909f56bfc062723c751e8b465ee728b)  -> (artifact id: '22844c45b47e55cf232e39eda1cb4896') in 0.014901 seconds 
========================================================================
Received Import Request.
  Time since last request: 0.000023 seconds.
  path: Assets/Scenes/Sprites/uipack_fixed/PNG/grey_button11.png
  artifactKey: Guid(79dbd201354b6b4459609ffa538da00f) Importer(815301076,1909f56bfc062723c751e8b465ee728b)
Start importing Assets/Scenes/Sprites/uipack_fixed/PNG/grey_button11.png using Guid(79dbd201354b6b4459609ffa538da00f) Importer(815301076,1909f56bfc062723c751e8b465ee728b)  -> (artifact id: 'cd97e7434d624bbc87914bead29681c4') in 0.013423 seconds 
========================================================================
Received Import Request.
  Time since last request: 0.000042 seconds.
  path: Assets/Scenes/Sprites/uipack_fixed/PNG/grey_button00.png
  artifactKey: Guid(decc04ea9a15ac54eacd031de6240a8d) Importer(815301076,1909f56bfc062723c751e8b465ee728b)
Start importing Assets/Scenes/Sprites/uipack_fixed/PNG/grey_button00.png using Guid(decc04ea9a15ac54eacd031de6240a8d) Importer(815301076,1909f56bfc062723c751e8b465ee728b)  -> (artifact id: '7aada0f440b09e5b41e36c5fbfa06ef7') in 0.014001 seconds 
========================================================================
Received Import Request.
  Time since last request: 0.000043 seconds.
  path: Assets/Scenes/Sprites/uipack_fixed/PNG/grey_arrowUpWhite.png
  artifactKey: Guid(7c673ecfa1d030849b66de60104425da) Importer(815301076,1909f56bfc062723c751e8b465ee728b)
Start importing Assets/Scenes/Sprites/uipack_fixed/PNG/grey_arrowUpWhite.png using Guid(7c673ecfa1d030849b66de60104425da) Importer(815301076,1909f56bfc062723c751e8b465ee728b)  -> (artifact id: 'c969c6b79ff6ef57ec537494f98410e4') in 0.013889 seconds 
========================================================================
Received Import Request.
  Time since last request: 0.000025 seconds.
  path: Assets/Scenes/Sprites/uipack_fixed/PNG/grey_button03.png
  artifactKey: Guid(cf514f6fae4c8d7409814dbdd4d3e3c5) Importer(815301076,1909f56bfc062723c751e8b465ee728b)
Start importing Assets/Scenes/Sprites/uipack_fixed/PNG/grey_button03.png using Guid(cf514f6fae4c8d7409814dbdd4d3e3c5) Importer(815301076,1909f56bfc062723c751e8b465ee728b)  -> (artifact id: 'e1ae72fca8737f74c0634166fe66e6d8') in 0.014705 seconds 
========================================================================
Received Import Request.
  Time since last request: 0.000036 seconds.
  path: Assets/Scenes/Sprites/uipack_fixed/PNG/green_sliderUp.png
  artifactKey: Guid(90dbe1ebc1741ce42befe5e1398bf35d) Importer(815301076,1909f56bfc062723c751e8b465ee728b)
Start importing Assets/Scenes/Sprites/uipack_fixed/PNG/green_sliderUp.png using Guid(90dbe1ebc1741ce42befe5e1398bf35d) Importer(815301076,1909f56bfc062723c751e8b465ee728b)  -> (artifact id: '8c0ba53c7f48a4e057f16d424ab72366') in 0.013958 seconds 
========================================================================
Received Import Request.
  Time since last request: 0.000036 seconds.
  path: Assets/Scenes/Sprites/uipack_fixed/PNG/red_button00.png
  artifactKey: Guid(e51e450464e7e214cac6c1333bda33ee) Importer(815301076,1909f56bfc062723c751e8b465ee728b)
Start importing Assets/Scenes/Sprites/uipack_fixed/PNG/red_button00.png using Guid(e51e450464e7e214cac6c1333bda33ee) Importer(815301076,1909f56bfc062723c751e8b465ee728b)  -> (artifact id: '4034e31ba7839412513795c7644acb8d') in 0.015093 seconds 
========================================================================
Received Import Request.
  Time since last request: 0.000038 seconds.
  path: Assets/Scenes/Sprites/uipack_fixed/PNG/grey_checkmarkGrey.png
  artifactKey: Guid(6a035847c7a7db642abe7f34065eaf9c) Importer(815301076,1909f56bfc062723c751e8b465ee728b)
Start importing Assets/Scenes/Sprites/uipack_fixed/PNG/grey_checkmarkGrey.png using Guid(6a035847c7a7db642abe7f34065eaf9c) Importer(815301076,1909f56bfc062723c751e8b465ee728b)  -> (artifact id: '1ab45d3328489cda9ade4861e1507191') in 0.012468 seconds 
========================================================================
Received Import Request.
  Time since last request: 0.000030 seconds.
  path: Assets/Scenes/Sprites/uipack_fixed/PNG/grey_tickGrey.png
  artifactKey: Guid(13c86ff78df49684d9debc40ef95a7f1) Importer(815301076,1909f56bfc062723c751e8b465ee728b)
Start importing Assets/Scenes/Sprites/uipack_fixed/PNG/grey_tickGrey.png using Guid(13c86ff78df49684d9debc40ef95a7f1) Importer(815301076,1909f56bfc062723c751e8b465ee728b)  -> (artifact id: 'eb9495b28e9931c4e80c6a222f82d5e3') in 0.014108 seconds 
========================================================================
Received Import Request.
  Time since last request: 0.000024 seconds.
  path: Assets/Scenes/Sprites/uipack_fixed/PNG/green_checkmark.png
  artifactKey: Guid(944a090a0e728624f995893e5f34a3d5) Importer(815301076,1909f56bfc062723c751e8b465ee728b)
Start importing Assets/Scenes/Sprites/uipack_fixed/PNG/green_checkmark.png using Guid(944a090a0e728624f995893e5f34a3d5) Importer(815301076,1909f56bfc062723c751e8b465ee728b)  -> (artifact id: '1a557644a397d69ee1be8ab3bde350b9') in 0.011340 seconds 
========================================================================
Received Import Request.
  Time since last request: 0.000034 seconds.
  path: Assets/Scenes/Sprites/uipack_fixed/PNG/grey_crossWhite.png
  artifactKey: Guid(46e338be75ebe6c4ebe6a7ac37f4208e) Importer(815301076,1909f56bfc062723c751e8b465ee728b)
Start importing Assets/Scenes/Sprites/uipack_fixed/PNG/grey_crossWhite.png using Guid(46e338be75ebe6c4ebe6a7ac37f4208e) Importer(815301076,1909f56bfc062723c751e8b465ee728b)  -> (artifact id: 'fa32b7d11103ff1bc292db8793408ac1') in 0.012726 seconds 
========================================================================
Received Import Request.
  Time since last request: 0.000031 seconds.
  path: Assets/Scenes/Sprites/uipack_fixed/PNG/grey_box.png
  artifactKey: Guid(c41d20b37a2cef44ea9eb66245ce8256) Importer(815301076,1909f56bfc062723c751e8b465ee728b)
Start importing Assets/Scenes/Sprites/uipack_fixed/PNG/grey_box.png using Guid(c41d20b37a2cef44ea9eb66245ce8256) Importer(815301076,1909f56bfc062723c751e8b465ee728b)  -> (artifact id: '4b345fd7c1013130068bcb5be001d871') in 0.012499 seconds 
========================================================================
Received Import Request.
  Time since last request: 0.000033 seconds.
  path: Assets/Scenes/Sprites/uipack_fixed/PNG/grey_button15.png
  artifactKey: Guid(0b37be0f1664dde47933ffc991394316) Importer(815301076,1909f56bfc062723c751e8b465ee728b)
Start importing Assets/Scenes/Sprites/uipack_fixed/PNG/grey_button15.png using Guid(0b37be0f1664dde47933ffc991394316) Importer(815301076,1909f56bfc062723c751e8b465ee728b)  -> (artifact id: '099029b529e310947351e9542db8d3f0') in 0.013244 seconds 
========================================================================
Received Import Request.
  Time since last request: 0.000025 seconds.
  path: Assets/Scenes/Sprites/uipack_fixed/PNG/green_button13.png
  artifactKey: Guid(9e7d68325dfe37d43aeb964662c65896) Importer(815301076,1909f56bfc062723c751e8b465ee728b)
Start importing Assets/Scenes/Sprites/uipack_fixed/PNG/green_button13.png using Guid(9e7d68325dfe37d43aeb964662c65896) Importer(815301076,1909f56bfc062723c751e8b465ee728b)  -> (artifact id: '4a0840575c629148aa112403b32eb64a') in 0.014725 seconds 
========================================================================
Received Import Request.
  Time since last request: 0.000023 seconds.
  path: Assets/Scenes/Sprites/uipack_fixed/PNG/green_panel.png
  artifactKey: Guid(03d69d8016a8e5843a9279ec45605c21) Importer(815301076,1909f56bfc062723c751e8b465ee728b)
Start importing Assets/Scenes/Sprites/uipack_fixed/PNG/green_panel.png using Guid(03d69d8016a8e5843a9279ec45605c21) Importer(815301076,1909f56bfc062723c751e8b465ee728b)  -> (artifact id: '35ac9f5df10295c5b9d4597d182c506b') in 0.015546 seconds 
========================================================================
Received Import Request.
  Time since last request: 0.000039 seconds.
  path: Assets/Scenes/Sprites/uipack_fixed/PNG/grey_button06.png
  artifactKey: Guid(4c2f2222b52d3264a9ba2aac6aeec512) Importer(815301076,1909f56bfc062723c751e8b465ee728b)
Start importing Assets/Scenes/Sprites/uipack_fixed/PNG/grey_button06.png using Guid(4c2f2222b52d3264a9ba2aac6aeec512) Importer(815301076,1909f56bfc062723c751e8b465ee728b)  -> (artifact id: '426b0963404f110fc937bc67194cd942') in 0.013779 seconds 
========================================================================
Received Import Request.
  Time since last request: 0.000032 seconds.
  path: Assets/Scenes/Sprites/uipack_fixed/PNG/grey_sliderLeft.png
  artifactKey: Guid(eb5c2883f6bd3cf4f85e39305431105a) Importer(815301076,1909f56bfc062723c751e8b465ee728b)
Start importing Assets/Scenes/Sprites/uipack_fixed/PNG/grey_sliderLeft.png using Guid(eb5c2883f6bd3cf4f85e39305431105a) Importer(815301076,1909f56bfc062723c751e8b465ee728b)  -> (artifact id: '2e7c3a7d918754cc794df0f991d8f151') in 0.013566 seconds 
========================================================================
Received Import Request.
  Time since last request: 0.000031 seconds.
  path: Assets/Scenes/Sprites/uipack_fixed/PNG/grey_crossGrey.png
  artifactKey: Guid(aa258641cbf27ca4184980f3409d4eeb) Importer(815301076,1909f56bfc062723c751e8b465ee728b)
Start importing Assets/Scenes/Sprites/uipack_fixed/PNG/grey_crossGrey.png using Guid(aa258641cbf27ca4184980f3409d4eeb) Importer(815301076,1909f56bfc062723c751e8b465ee728b)  -> (artifact id: '445a77550614768089a1f394dee2e5f7') in 0.014567 seconds 
Editor requested this worker to shutdown with reason: Scaling down because of idle timeout
AssetImportWorker is now disconnected from the server
Process exiting
Exiting without the bug reporter. Application will terminate with return code 0